2021-06-29 14:18:42,586 [Worker-5: Loading available Gradle versions] INFO  o.e.b.c.i.u.g.PublishedGradleVersions - Gradle version information cache is not available. Remote download required.
2021-06-30 14:05:40,469 [Worker-1: Loading available Gradle versions] INFO  o.e.b.c.i.u.g.PublishedGradleVersions - Gradle version information cache is up-to-date. Trying to read.
2021-07-01 10:16:55,265 [Worker-1: Loading available Gradle versions] INFO  o.e.b.c.i.u.g.PublishedGradleVersions - Gradle version information cache is out-of-date. Trying to update.
2021-07-01 11:39:44,847 [Worker-29: Fetching remote refs from git@github.com:YanniMartinez/TiposDeDatosJavaBasico.git] INFO  o.a.s.c.u.s.e.EdDSASecurityProviderRegistrar - getOrCreateProvider(EdDSA) created instance of net.i2p.crypto.eddsa.EdDSASecurityProvider
2021-07-01 11:39:45,081 [Worker-29: Fetching remote refs from git@github.com:YanniMartinez/TiposDeDatosJavaBasico.git] INFO  o.a.s.c.i.DefaultIoServiceFactoryFactory - No detected/configured IoServiceFactoryFactory using Nio2ServiceFactoryFactory
2021-07-01 11:39:45,881 [sshd-JGitSshClient[30c4cd58]-nio2-thread-5] WARN  o.e.j.i.t.s.JGitPublicKeyAuthentication - Public key authentication requested signature type rsa-sha2-512 but got back ssh-rsa from github.com/140.82.112.3:22 (SSH-2.0-babeld-4cec2db4)
2021-07-01 11:42:14,569 [sshd-JGitSshClient[2c37e99e]-nio2-thread-5] WARN  o.e.j.i.t.s.JGitPublicKeyAuthentication - Public key authentication requested signature type rsa-sha2-512 but got back ssh-rsa from github.com/140.82.114.4:22 (SSH-2.0-babeld-4cec2db4)
2021-07-01 11:42:50,045 [sshd-JGitSshClient[1949b809]-nio2-thread-5] WARN  o.e.j.i.t.s.JGitPublicKeyAuthentication - Public key authentication requested signature type rsa-sha2-512 but got back ssh-rsa from github.com/140.82.114.4:22 (SSH-2.0-babeld-4cec2db4)
2021-07-01 14:48:34,607 [Worker-1: Loading available Gradle versions] INFO  o.e.b.c.i.u.g.PublishedGradleVersions - Gradle version information cache is up-to-date. Trying to read.
2021-07-02 15:09:36,983 [Worker-3: Loading available Gradle versions] INFO  o.e.b.c.i.u.g.PublishedGradleVersions - Gradle version information cache is out-of-date. Trying to update.
2021-07-05 09:48:20,750 [Worker-1: Loading available Gradle versions] INFO  o.e.b.c.i.u.g.PublishedGradleVersions - Gradle version information cache is out-of-date. Trying to update.
2021-07-05 14:50:07,033 [Worker-0: Loading available Gradle versions] INFO  o.e.b.c.i.u.g.PublishedGradleVersions - Gradle version information cache is up-to-date. Trying to read.
2021-07-05 17:22:09,835 [Worker-0: Loading available Gradle versions] INFO  o.e.b.c.i.u.g.PublishedGradleVersions - Gradle version information cache is up-to-date. Trying to read.
2021-07-05 20:45:19,504 [Worker-0: Loading available Gradle versions] INFO  o.e.b.c.i.u.g.PublishedGradleVersions - Gradle version information cache is up-to-date. Trying to read.
2021-07-06 10:19:52,084 [Worker-0: Loading available Gradle versions] INFO  o.e.b.c.i.u.g.PublishedGradleVersions - Gradle version information cache is out-of-date. Trying to update.
2021-07-07 16:18:37,595 [Worker-0: Loading available Gradle versions] INFO  o.e.b.c.i.u.g.PublishedGradleVersions - Gradle version information cache is out-of-date. Trying to update.
2021-07-08 11:48:58,976 [Worker-0: Loading available Gradle versions] INFO  o.e.b.c.i.u.g.PublishedGradleVersions - Gradle version information cache is up-to-date. Trying to read.
2021-07-08 16:25:34,811 [Worker-0: Loading available Gradle versions] INFO  o.e.b.c.i.u.g.PublishedGradleVersions - Gradle version information cache is out-of-date. Trying to update.
2021-07-09 09:56:10,716 [Worker-1: Loading available Gradle versions] INFO  o.e.b.c.i.u.g.PublishedGradleVersions - Gradle version information cache is up-to-date. Trying to read.
2021-07-12 14:44:20,319 [Worker-0: Loading available Gradle versions] INFO  o.e.b.c.i.u.g.PublishedGradleVersions - Gradle version information cache is out-of-date. Trying to update.
